{"C:\\wamp64\\www\\skillhub-final\\skillhub-front\\src\\components\\Bouton.css": {"path":"C:\\wamp64\\www\\skillhub-final\\skillhub-front\\src\\components\\Bouton.css","statementMap":{},"fnMap":{},"branchMap":{},"s":{},"f":{},"b":{},"meta":{"lastBranch":0,"lastFunction":0,"lastStatement":0,"seen":{}}}
,"C:\\wamp64\\www\\skillhub-final\\skillhub-front\\src\\components\\Bouton.jsx": {"path":"C:\\wamp64\\www\\skillhub-final\\skillhub-front\\src\\components\\Bouton.jsx","statementMap":{"0":{"start":{"line":11,"column":20},"end":{"line":16,"column":22}},"1":{"start":{"line":18,"column":4},"end":{"line":26,"column":null}}},"fnMap":{"0":{"name":"Bouton","decl":{"start":{"line":3,"column":24},"end":{"line":3,"column":31}},"loc":{"start":{"line":10,"column":3},"end":{"line":26,"column":null}},"line":10}},"branchMap":{"0":{"loc":{"start":{"line":4,"column":4},"end":{"line":4,"column":null}},"type":"default-arg","locations":[{"start":{"line":4,"column":15},"end":{"line":4,"column":null}}],"line":4},"1":{"loc":{"start":{"line":5,"column":4},"end":{"line":5,"column":null}},"type":"default-arg","locations":[{"start":{"line":5,"column":15},"end":{"line":5,"column":null}}],"line":5},"2":{"loc":{"start":{"line":7,"column":4},"end":{"line":7,"column":null}},"type":"default-arg","locations":[{"start":{"line":7,"column":15},"end":{"line":7,"column":null}}],"line":7},"3":{"loc":{"start":{"line":8,"column":4},"end":{"line":8,"column":null}},"type":"default-arg","locations":[{"start":{"line":8,"column":15},"end":{"line":8,"column":null}}],"line":8},"4":{"loc":{"start":{"line":15,"column":8},"end":{"line":15,"column":null}},"type":"cond-expr","locations":[{"start":{"line":15,"column":19},"end":{"line":15,"column":40}},{"start":{"line":15,"column":40},"end":{"line":15,"column":null}}],"line":15}},"s":{"0":0,"1":0},"f":{"0":0},"b":{"0":[0],"1":[0],"2":[0],"3":[0],"4":[0,0]},"meta":{"lastBranch":5,"lastFunction":1,"lastStatement":2,"seen":{"f:3:24:3:31":0,"b:4:15:4:Infinity":0,"b:5:15:5:Infinity":1,"b:7:15:7:Infinity":2,"b:8:15:8:Infinity":3,"s:11:20:16:22":0,"b:15:19:15:40:15:40:15:Infinity":4,"s:18:4:26:Infinity":1}}}
,"C:\\wamp64\\www\\skillhub-final\\skillhub-front\\src\\components\\Footer.css": {"path":"C:\\wamp64\\www\\skillhub-final\\skillhub-front\\src\\components\\Footer.css","statementMap":{},"fnMap":{},"branchMap":{},"s":{},"f":{},"b":{},"meta":{"lastBranch":0,"lastFunction":0,"lastStatement":0,"seen":{}}}
,"C:\\wamp64\\www\\skillhub-final\\skillhub-front\\src\\components\\Footer.jsx": {"path":"C:\\wamp64\\www\\skillhub-final\\skillhub-front\\src\\components\\Footer.jsx","statementMap":{"0":{"start":{"line":5,"column":18},"end":{"line":5,"column":42}},"1":{"start":{"line":7,"column":4},"end":{"line":73,"column":null}}},"fnMap":{"0":{"name":"Footer","decl":{"start":{"line":4,"column":24},"end":{"line":4,"column":33}},"loc":{"start":{"line":4,"column":33},"end":{"line":73,"column":null}},"line":4}},"branchMap":{},"s":{"0":1,"1":1},"f":{"0":1},"b":{},"meta":{"lastBranch":0,"lastFunction":1,"lastStatement":2,"seen":{"f:4:24:4:33":0,"s:5:18:5:42":0,"s:7:4:73:Infinity":1}}}
,"C:\\wamp64\\www\\skillhub-final\\skillhub-front\\src\\components\\MessagerieModal.css": {"path":"C:\\wamp64\\www\\skillhub-final\\skillhub-front\\src\\components\\MessagerieModal.css","statementMap":{},"fnMap":{},"branchMap":{},"s":{},"f":{},"b":{},"meta":{"lastBranch":0,"lastFunction":0,"lastStatement":0,"seen":{}}}
,"C:\\wamp64\\www\\skillhub-final\\skillhub-front\\src\\components\\MessagerieModal.jsx": {"path":"C:\\wamp64\\www\\skillhub-final\\skillhub-front\\src\\components\\MessagerieModal.jsx","statementMap":{"0":{"start":{"line":9,"column":27},"end":{"line":9,"column":60}},"1":{"start":{"line":10,"column":27},"end":{"line":10,"column":60}},"2":{"start":{"line":11,"column":27},"end":{"line":11,"column":62}},"3":{"start":{"line":12,"column":27},"end":{"line":12,"column":60}},"4":{"start":{"line":13,"column":27},"end":{"line":13,"column":60}},"5":{"start":{"line":14,"column":27},"end":{"line":14,"column":63}},"6":{"start":{"line":15,"column":27},"end":{"line":15,"column":63}},"7":{"start":{"line":17,"column":10},"end":{"line":17,"column":39}},"8":{"start":{"line":18,"column":10},"end":{"line":18,"column":39}},"9":{"start":{"line":19,"column":27},"end":{"line":19,"column":56}},"10":{"start":{"line":22,"column":33},"end":{"line":24,"column":null}},"11":{"start":{"line":23,"column":21},"end":{"line":23,"column":56}},"12":{"start":{"line":24,"column":8},"end":{"line":24,"column":null}},"13":{"start":{"line":27,"column":28},"end":{"line":29,"column":null}},"14":{"start":{"line":28,"column":21},"end":{"line":28,"column":74}},"15":{"start":{"line":29,"column":8},"end":{"line":29,"column":null}},"16":{"start":{"line":32,"column":10},"end":{"line":35,"column":32}},"17":{"start":{"line":33,"column":8},"end":{"line":35,"column":32}},"18":{"start":{"line":35,"column":23},"end":{"line":35,"column":31}},"19":{"start":{"line":37,"column":10},"end":{"line":45,"column":32}},"20":{"start":{"line":38,"column":8},"end":{"line":45,"column":32}},"21":{"start":{"line":45,"column":23},"end":{"line":45,"column":31}},"22":{"start":{"line":48,"column":4},"end":{"line":51,"column":null}},"23":{"start":{"line":49,"column":8},"end":{"line":49,"column":null}},"24":{"start":{"line":54,"column":4},"end":{"line":60,"column":null}},"25":{"start":{"line":55,"column":8},"end":{"line":55,"column":null}},"26":{"start":{"line":55,"column":25},"end":{"line":55,"column":null}},"27":{"start":{"line":56,"column":8},"end":{"line":58,"column":null}},"28":{"start":{"line":57,"column":12},"end":{"line":57,"column":null}},"29":{"start":{"line":59,"column":8},"end":{"line":59,"column":null}},"30":{"start":{"line":59,"column":21},"end":{"line":59,"column":54}},"31":{"start":{"line":63,"column":4},"end":{"line":65,"column":null}},"32":{"start":{"line":64,"column":8},"end":{"line":64,"column":null}},"33":{"start":{"line":71,"column":31},"end":{"line":76,"column":null}},"34":{"start":{"line":72,"column":8},"end":{"line":72,"column":null}},"35":{"start":{"line":73,"column":8},"end":{"line":73,"column":null}},"36":{"start":{"line":74,"column":8},"end":{"line":74,"column":null}},"37":{"start":{"line":75,"column":8},"end":{"line":75,"column":null}},"38":{"start":{"line":76,"column":8},"end":{"line":76,"column":null}},"39":{"start":{"line":79,"column":33},"end":{"line":84,"column":null}},"40":{"start":{"line":80,"column":8},"end":{"line":80,"column":null}},"41":{"start":{"line":81,"column":8},"end":{"line":81,"column":null}},"42":{"start":{"line":82,"column":8},"end":{"line":82,"column":null}},"43":{"start":{"line":83,"column":21},"end":{"line":83,"column":57}},"44":{"start":{"line":84,"column":8},"end":{"line":84,"column":null}},"45":{"start":{"line":87,"column":27},"end":{"line":97,"column":null}},"46":{"start":{"line":88,"column":8},"end":{"line":88,"column":null}},"47":{"start":{"line":88,"column":29},"end":{"line":88,"column":null}},"48":{"start":{"line":89,"column":8},"end":{"line":89,"column":null}},"49":{"start":{"line":90,"column":8},"end":{"line":93,"column":null}},"50":{"start":{"line":94,"column":8},"end":{"line":94,"column":null}},"51":{"start":{"line":95,"column":8},"end":{"line":95,"column":null}},"52":{"start":{"line":96,"column":8},"end":{"line":96,"column":null}},"53":{"start":{"line":97,"column":8},"end":{"line":97,"column":null}},"54":{"start":{"line":100,"column":10},"end":{"line":103,"column":null}},"55":{"start":{"line":101,"column":8},"end":{"line":103,"column":null}},"56":{"start":{"line":102,"column":12},"end":{"line":102,"column":null}},"57":{"start":{"line":103,"column":12},"end":{"line":103,"column":null}},"58":{"start":{"line":107,"column":4},"end":{"line":243,"column":null}},"59":{"start":{"line":108,"column":53},"end":{"line":108,"column":95}},"60":{"start":{"line":128,"column":32},"end":{"line":143,"column":null}},"61":{"start":{"line":131,"column":51},"end":{"line":131,"column":75}},"62":{"start":{"line":162,"column":36},"end":{"line":176,"column":null}},"63":{"start":{"line":165,"column":55},"end":{"line":169,"column":42}},"64":{"start":{"line":194,"column":48},"end":{"line":194,"column":null}},"65":{"start":{"line":195,"column":36},"end":{"line":203,"column":null}},"66":{"start":{"line":212,"column":53},"end":{"line":212,"column":79}},"67":{"start":{"line":213,"column":54},"end":{"line":213,"column":103}},"68":{"start":{"line":219,"column":51},"end":{"line":219,"column":94}}},"fnMap":{"0":{"name":"MessagerieModal","decl":{"start":{"line":7,"column":24},"end":{"line":7,"column":40}},"loc":{"start":{"line":7,"column":54},"end":{"line":243,"column":null}},"line":7},"1":{"name":"(anonymous_1)","decl":{"start":{"line":22,"column":33},"end":{"line":22,"column":45}},"loc":{"start":{"line":22,"column":45},"end":{"line":24,"column":null}},"line":22},"2":{"name":"(anonymous_2)","decl":{"start":{"line":27,"column":28},"end":{"line":27,"column":35}},"loc":{"start":{"line":27,"column":55},"end":{"line":29,"column":null}},"line":27},"3":{"name":"(anonymous_3)","decl":{"start":{"line":32,"column":10},"end":{"line":32,"column":17}},"loc":{"start":{"line":33,"column":8},"end":{"line":35,"column":32}},"line":33},"4":{"name":"(anonymous_4)","decl":{"start":{"line":35,"column":11},"end":{"line":35,"column":17}},"loc":{"start":{"line":35,"column":23},"end":{"line":35,"column":31}},"line":35},"5":{"name":"(anonymous_5)","decl":{"start":{"line":37,"column":10},"end":{"line":37,"column":18}},"loc":{"start":{"line":38,"column":8},"end":{"line":45,"column":32}},"line":38},"6":{"name":"(anonymous_6)","decl":{"start":{"line":45,"column":11},"end":{"line":45,"column":17}},"loc":{"start":{"line":45,"column":23},"end":{"line":45,"column":31}},"line":45},"7":{"name":"(anonymous_7)","decl":{"start":{"line":48,"column":4},"end":{"line":48,"column":20}},"loc":{"start":{"line":48,"column":20},"end":{"line":51,"column":9}},"line":48},"8":{"name":"(anonymous_8)","decl":{"start":{"line":54,"column":4},"end":{"line":54,"column":20}},"loc":{"start":{"line":54,"column":20},"end":{"line":60,"column":8}},"line":54},"9":{"name":"(anonymous_9)","decl":{"start":{"line":56,"column":29},"end":{"line":56,"column":47}},"loc":{"start":{"line":56,"column":47},"end":{"line":58,"column":16}},"line":56},"10":{"name":"(anonymous_10)","decl":{"start":{"line":59,"column":8},"end":{"line":59,"column":21}},"loc":{"start":{"line":59,"column":21},"end":{"line":59,"column":54}},"line":59},"11":{"name":"(anonymous_11)","decl":{"start":{"line":63,"column":4},"end":{"line":63,"column":20}},"loc":{"start":{"line":63,"column":20},"end":{"line":65,"column":8}},"line":63},"12":{"name":"(anonymous_12)","decl":{"start":{"line":71,"column":31},"end":{"line":71,"column":38}},"loc":{"start":{"line":71,"column":47},"end":{"line":76,"column":null}},"line":71},"13":{"name":"(anonymous_13)","decl":{"start":{"line":79,"column":33},"end":{"line":79,"column":45}},"loc":{"start":{"line":79,"column":45},"end":{"line":84,"column":null}},"line":79},"14":{"name":"(anonymous_14)","decl":{"start":{"line":87,"column":27},"end":{"line":87,"column":34}},"loc":{"start":{"line":87,"column":53},"end":{"line":97,"column":null}},"line":87},"15":{"name":"(anonymous_15)","decl":{"start":{"line":100,"column":10},"end":{"line":100,"column":31}},"loc":{"start":{"line":100,"column":53},"end":{"line":103,"column":null}},"line":100},"16":{"name":"(anonymous_16)","decl":{"start":{"line":108,"column":37},"end":{"line":108,"column":47}},"loc":{"start":{"line":108,"column":53},"end":{"line":108,"column":95}},"line":108},"17":{"name":"(anonymous_17)","decl":{"start":{"line":127,"column":42},"end":{"line":127,"column":47}},"loc":{"start":{"line":128,"column":32},"end":{"line":143,"column":null}},"line":128},"18":{"name":"(anonymous_18)","decl":{"start":{"line":131,"column":36},"end":{"line":131,"column":51}},"loc":{"start":{"line":131,"column":51},"end":{"line":131,"column":75}},"line":131},"19":{"name":"(anonymous_19)","decl":{"start":{"line":161,"column":47},"end":{"line":161,"column":52}},"loc":{"start":{"line":162,"column":36},"end":{"line":176,"column":null}},"line":162},"20":{"name":"(anonymous_20)","decl":{"start":{"line":165,"column":40},"end":{"line":165,"column":55}},"loc":{"start":{"line":165,"column":55},"end":{"line":169,"column":42}},"line":165},"21":{"name":"(anonymous_21)","decl":{"start":{"line":193,"column":42},"end":{"line":193,"column":47}},"loc":{"start":{"line":193,"column":53},"end":{"line":205,"column":null}},"line":193},"22":{"name":"(anonymous_22)","decl":{"start":{"line":212,"column":36},"end":{"line":212,"column":47}},"loc":{"start":{"line":212,"column":53},"end":{"line":212,"column":79}},"line":212},"23":{"name":"(anonymous_23)","decl":{"start":{"line":213,"column":36},"end":{"line":213,"column":48}},"loc":{"start":{"line":213,"column":54},"end":{"line":213,"column":103}},"line":213},"24":{"name":"(anonymous_24)","decl":{"start":{"line":219,"column":36},"end":{"line":219,"column":51}},"loc":{"start":{"line":219,"column":51},"end":{"line":219,"column":94}},"line":219}},"branchMap":{"0":{"loc":{"start":{"line":24,"column":25},"end":{"line":24,"column":49}},"type":"binary-expr","locations":[{"start":{"line":24,"column":25},"end":{"line":24,"column":47}},{"start":{"line":24,"column":47},"end":{"line":24,"column":49}}],"line":24},"1":{"loc":{"start":{"line":29,"column":20},"end":{"line":29,"column":39}},"type":"binary-expr","locations":[{"start":{"line":29,"column":20},"end":{"line":29,"column":37}},{"start":{"line":29,"column":37},"end":{"line":29,"column":39}}],"line":29},"2":{"loc":{"start":{"line":55,"column":8},"end":{"line":55,"column":null}},"type":"if","locations":[{"start":{"line":55,"column":8},"end":{"line":55,"column":null}},{"start":{},"end":{}}],"line":55},"3":{"loc":{"start":{"line":84,"column":26},"end":{"line":84,"column":51}},"type":"binary-expr","locations":[{"start":{"line":84,"column":26},"end":{"line":84,"column":49}},{"start":{"line":84,"column":49},"end":{"line":84,"column":51}}],"line":84},"4":{"loc":{"start":{"line":88,"column":8},"end":{"line":88,"column":null}},"type":"if","locations":[{"start":{"line":88,"column":8},"end":{"line":88,"column":null}},{"start":{},"end":{}}],"line":88},"5":{"loc":{"start":{"line":101,"column":8},"end":{"line":103,"column":null}},"type":"if","locations":[{"start":{"line":101,"column":8},"end":{"line":103,"column":null}},{"start":{},"end":{}}],"line":101},"6":{"loc":{"start":{"line":101,"column":12},"end":{"line":101,"column":46}},"type":"binary-expr","locations":[{"start":{"line":101,"column":12},"end":{"line":101,"column":33}},{"start":{"line":101,"column":33},"end":{"line":101,"column":46}}],"line":101},"7":{"loc":{"start":{"line":108,"column":53},"end":{"line":108,"column":95}},"type":"binary-expr","locations":[{"start":{"line":108,"column":53},"end":{"line":108,"column":85}},{"start":{"line":108,"column":85},"end":{"line":108,"column":95}}],"line":108},"8":{"loc":{"start":{"line":124,"column":25},"end":{"line":143,"column":null}},"type":"cond-expr","locations":[{"start":{"line":125,"column":28},"end":{"line":127,"column":42}},{"start":{"line":127,"column":28},"end":{"line":143,"column":null}}],"line":124},"9":{"loc":{"start":{"line":130,"column":64},"end":{"line":130,"column":null}},"type":"cond-expr","locations":[{"start":{"line":130,"column":121},"end":{"line":130,"column":140}},{"start":{"line":130,"column":140},"end":{"line":130,"column":null}}],"line":130},"10":{"loc":{"start":{"line":140,"column":37},"end":{"line":141,"column":null}},"type":"binary-expr","locations":[{"start":{"line":140,"column":37},"end":{"line":140,"column":null}},{"start":{"line":141,"column":40},"end":{"line":141,"column":null}}],"line":140},"11":{"loc":{"start":{"line":154,"column":21},"end":{"line":176,"column":null}},"type":"binary-expr","locations":[{"start":{"line":154,"column":21},"end":{"line":154,"column":null}},{"start":{"line":155,"column":24},"end":{"line":176,"column":null}}],"line":154},"12":{"loc":{"start":{"line":158,"column":29},"end":{"line":176,"column":null}},"type":"cond-expr","locations":[{"start":{"line":159,"column":32},"end":{"line":161,"column":47}},{"start":{"line":161,"column":32},"end":{"line":176,"column":null}}],"line":158},"13":{"loc":{"start":{"line":183,"column":21},"end":{"line":229,"column":null}},"type":"binary-expr","locations":[{"start":{"line":183,"column":21},"end":{"line":183,"column":35}},{"start":{"line":183,"column":35},"end":{"line":183,"column":null}},{"start":{"line":184,"column":24},"end":{"line":229,"column":null}}],"line":183},"14":{"loc":{"start":{"line":196,"column":85},"end":{"line":196,"column":null}},"type":"cond-expr","locations":[{"start":{"line":196,"column":91},"end":{"line":196,"column":103}},{"start":{"line":196,"column":103},"end":{"line":196,"column":null}}],"line":196},"15":{"loc":{"start":{"line":220,"column":46},"end":{"line":220,"column":75}},"type":"binary-expr","locations":[{"start":{"line":220,"column":46},"end":{"line":220,"column":60}},{"start":{"line":220,"column":60},"end":{"line":220,"column":75}}],"line":220},"16":{"loc":{"start":{"line":233,"column":21},"end":{"line":238,"column":null}},"type":"binary-expr","locations":[{"start":{"line":233,"column":21},"end":{"line":233,"column":36}},{"start":{"line":233,"column":36},"end":{"line":233,"column":null}},{"start":{"line":234,"column":24},"end":{"line":238,"column":null}}],"line":233}},"s":{"0":0,"1":0,"2":0,"3":0,"4":0,"5":0,"6":0,"7":0,"8":0,"9":0,"10":0,"11":0,"12":0,"13":0,"14":0,"15":0,"16":0,"17":0,"18":0,"19":0,"20":0,"21":0,"22":0,"23":0,"24":0,"25":0,"26":0,"27":0,"28":0,"29":0,"30":0,"31":0,"32":0,"33":0,"34":0,"35":0,"36":0,"37":0,"38":0,"39":0,"40":0,"41":0,"42":0,"43":0,"44":0,"45":0,"46":0,"47":0,"48":0,"49":0,"50":0,"51":0,"52":0,"53":0,"54":0,"55":0,"56":0,"57":0,"58":0,"59":0,"60":0,"61":0,"62":0,"63":0,"64":0,"65":0,"66":0,"67":0,"68":0},"f":{"0":0,"1":0,"2":0,"3":0,"4":0,"5":0,"6":0,"7":0,"8":0,"9":0,"10":0,"11":0,"12":0,"13":0,"14":0,"15":0,"16":0,"17":0,"18":0,"19":0,"20":0,"21":0,"22":0,"23":0,"24":0},"b":{"0":[0,0],"1":[0,0],"2":[0,0],"3":[0,0],"4":[0,0],"5":[0,0],"6":[0,0],"7":[0,0],"8":[0,0],"9":[0,0],"10":[0,0],"11":[0,0],"12":[0,0],"13":[0,0,0],"14":[0,0],"15":[0,0],"16":[0,0,0]},"meta":{"lastBranch":17,"lastFunction":25,"lastStatement":69,"seen":{"f:7:24:7:40":0,"s:9:27:9:60":0,"s:10:27:10:60":1,"s:11:27:11:62":2,"s:12:27:12:60":3,"s:13:27:13:60":4,"s:14:27:14:63":5,"s:15:27:15:63":6,"s:17:10:17:39":7,"s:18:10:18:39":8,"s:19:27:19:56":9,"s:22:33:24:Infinity":10,"f:22:33:22:45":1,"s:23:21:23:56":11,"s:24:8:24:Infinity":12,"b:24:25:24:47:24:47:24:49":0,"s:27:28:29:Infinity":13,"f:27:28:27:35":2,"s:28:21:28:74":14,"s:29:8:29:Infinity":15,"b:29:20:29:37:29:37:29:39":1,"s:32:10:35:32":16,"f:32:10:32:17":3,"s:33:8:35:32":17,"f:35:11:35:17":4,"s:35:23:35:31":18,"s:37:10:45:32":19,"f:37:10:37:18":5,"s:38:8:45:32":20,"f:45:11:45:17":6,"s:45:23:45:31":21,"s:48:4:51:Infinity":22,"f:48:4:48:20":7,"s:49:8:49:Infinity":23,"s:54:4:60:Infinity":24,"f:54:4:54:20":8,"b:55:8:55:Infinity:undefined:undefined:undefined:undefined":2,"s:55:8:55:Infinity":25,"s:55:25:55:Infinity":26,"s:56:8:58:Infinity":27,"f:56:29:56:47":9,"s:57:12:57:Infinity":28,"s:59:8:59:Infinity":29,"f:59:8:59:21":10,"s:59:21:59:54":30,"s:63:4:65:Infinity":31,"f:63:4:63:20":11,"s:64:8:64:Infinity":32,"s:71:31:76:Infinity":33,"f:71:31:71:38":12,"s:72:8:72:Infinity":34,"s:73:8:73:Infinity":35,"s:74:8:74:Infinity":36,"s:75:8:75:Infinity":37,"s:76:8:76:Infinity":38,"s:79:33:84:Infinity":39,"f:79:33:79:45":13,"s:80:8:80:Infinity":40,"s:81:8:81:Infinity":41,"s:82:8:82:Infinity":42,"s:83:21:83:57":43,"s:84:8:84:Infinity":44,"b:84:26:84:49:84:49:84:51":3,"s:87:27:97:Infinity":45,"f:87:27:87:34":14,"b:88:8:88:Infinity:undefined:undefined:undefined:undefined":4,"s:88:8:88:Infinity":46,"s:88:29:88:Infinity":47,"s:89:8:89:Infinity":48,"s:90:8:93:Infinity":49,"s:94:8:94:Infinity":50,"s:95:8:95:Infinity":51,"s:96:8:96:Infinity":52,"s:97:8:97:Infinity":53,"s:100:10:103:Infinity":54,"f:100:10:100:31":15,"b:101:8:103:Infinity:undefined:undefined:undefined:undefined":5,"s:101:8:103:Infinity":55,"b:101:12:101:33:101:33:101:46":6,"s:102:12:102:Infinity":56,"s:103:12:103:Infinity":57,"s:107:4:243:Infinity":58,"f:108:37:108:47":16,"s:108:53:108:95":59,"b:108:53:108:85:108:85:108:95":7,"b:125:28:127:42:127:28:143:Infinity":8,"f:127:42:127:47":17,"s:128:32:143:Infinity":60,"b:130:121:130:140:130:140:130:Infinity":9,"f:131:36:131:51":18,"s:131:51:131:75":61,"b:140:37:140:Infinity:141:40:141:Infinity":10,"b:154:21:154:Infinity:155:24:176:Infinity":11,"b:159:32:161:47:161:32:176:Infinity":12,"f:161:47:161:52":19,"s:162:36:176:Infinity":62,"f:165:40:165:55":20,"s:165:55:169:42":63,"b:183:21:183:35:183:35:183:Infinity:184:24:229:Infinity":13,"f:193:42:193:47":21,"s:194:48:194:Infinity":64,"s:195:36:203:Infinity":65,"b:196:91:196:103:196:103:196:Infinity":14,"f:212:36:212:47":22,"s:212:53:212:79":66,"f:213:36:213:48":23,"s:213:54:213:103":67,"f:219:36:219:51":24,"s:219:51:219:94":68,"b:220:46:220:60:220:60:220:75":15,"b:233:21:233:36:233:36:233:Infinity:234:24:238:Infinity":16}}}
,"C:\\wamp64\\www\\skillhub-final\\skillhub-front\\src\\components\\ModalAuth.css": {"path":"C:\\wamp64\\www\\skillhub-final\\skillhub-front\\src\\components\\ModalAuth.css","statementMap":{},"fnMap":{},"branchMap":{},"s":{},"f":{},"b":{},"meta":{"lastBranch":0,"lastFunction":0,"lastStatement":0,"seen":{}}}
,"C:\\wamp64\\www\\skillhub-final\\skillhub-front\\src\\components\\ModalAuth.jsx": {"path":"C:\\wamp64\\www\\skillhub-final\\skillhub-front\\src\\components\\ModalAuth.jsx","statementMap":{"0":{"start":{"line":15,"column":19},"end":{"line":15,"column":41}},"1":{"start":{"line":16,"column":10},"end":{"line":16,"column":34}},"2":{"start":{"line":18,"column":19},"end":{"line":18,"column":46}},"3":{"start":{"line":21,"column":21},"end":{"line":21,"column":48}},"4":{"start":{"line":22,"column":21},"end":{"line":22,"column":48}},"5":{"start":{"line":25,"column":25},"end":{"line":25,"column":56}},"6":{"start":{"line":26,"column":25},"end":{"line":26,"column":56}},"7":{"start":{"line":27,"column":25},"end":{"line":27,"column":56}},"8":{"start":{"line":28,"column":25},"end":{"line":28,"column":65}},"9":{"start":{"line":30,"column":24},"end":{"line":30,"column":54}},"10":{"start":{"line":31,"column":24},"end":{"line":31,"column":57}},"11":{"start":{"line":34,"column":10},"end":{"line":36,"column":null}},"12":{"start":{"line":35,"column":8},"end":{"line":36,"column":null}},"13":{"start":{"line":36,"column":12},"end":{"line":36,"column":null}},"14":{"start":{"line":40,"column":24},"end":{"line":57,"column":null}},"15":{"start":{"line":41,"column":8},"end":{"line":41,"column":null}},"16":{"start":{"line":42,"column":8},"end":{"line":42,"column":null}},"17":{"start":{"line":43,"column":8},"end":{"line":43,"column":null}},"18":{"start":{"line":45,"column":8},"end":{"line":57,"column":null}},"19":{"start":{"line":46,"column":25},"end":{"line":46,"column":53}},"20":{"start":{"line":47,"column":12},"end":{"line":47,"column":null}},"21":{"start":{"line":49,"column":12},"end":{"line":52,"column":null}},"22":{"start":{"line":50,"column":16},"end":{"line":50,"column":null}},"23":{"start":{"line":52,"column":16},"end":{"line":52,"column":null}},"24":{"start":{"line":55,"column":12},"end":{"line":55,"column":null}},"25":{"start":{"line":57,"column":12},"end":{"line":57,"column":null}},"26":{"start":{"line":61,"column":27},"end":{"line":79,"column":null}},"27":{"start":{"line":62,"column":8},"end":{"line":62,"column":null}},"28":{"start":{"line":63,"column":8},"end":{"line":63,"column":null}},"29":{"start":{"line":64,"column":8},"end":{"line":64,"column":null}},"30":{"start":{"line":66,"column":8},"end":{"line":79,"column":null}},"31":{"start":{"line":67,"column":25},"end":{"line":67,"column":73}},"32":{"start":{"line":68,"column":12},"end":{"line":68,"column":null}},"33":{"start":{"line":70,"column":12},"end":{"line":73,"column":null}},"34":{"start":{"line":71,"column":16},"end":{"line":71,"column":null}},"35":{"start":{"line":73,"column":16},"end":{"line":73,"column":null}},"36":{"start":{"line":76,"column":24},"end":{"line":76,"column":null}},"37":{"start":{"line":77,"column":12},"end":{"line":77,"column":null}},"38":{"start":{"line":79,"column":12},"end":{"line":79,"column":null}},"39":{"start":{"line":83,"column":4},"end":{"line":198,"column":null}},"40":{"start":{"line":94,"column":41},"end":{"line":94,"column":61}},"41":{"start":{"line":94,"column":61},"end":{"line":94,"column":null}},"42":{"start":{"line":100,"column":41},"end":{"line":100,"column":64}},"43":{"start":{"line":100,"column":64},"end":{"line":100,"column":null}},"44":{"start":{"line":116,"column":45},"end":{"line":116,"column":69}},"45":{"start":{"line":126,"column":45},"end":{"line":126,"column":72}},"46":{"start":{"line":150,"column":45},"end":{"line":150,"column":67}},"47":{"start":{"line":160,"column":45},"end":{"line":160,"column":72}},"48":{"start":{"line":170,"column":45},"end":{"line":170,"column":75}},"49":{"start":{"line":179,"column":45},"end":{"line":179,"column":68}}},"fnMap":{"0":{"name":"ModalAuth","decl":{"start":{"line":14,"column":24},"end":{"line":14,"column":34}},"loc":{"start":{"line":14,"column":64},"end":{"line":198,"column":null}},"line":14},"1":{"name":"(anonymous_1)","decl":{"start":{"line":34,"column":10},"end":{"line":34,"column":32}},"loc":{"start":{"line":34,"column":38},"end":{"line":36,"column":null}},"line":34},"2":{"name":"(anonymous_2)","decl":{"start":{"line":40,"column":24},"end":{"line":40,"column":31}},"loc":{"start":{"line":40,"column":37},"end":{"line":57,"column":null}},"line":40},"3":{"name":"(anonymous_3)","decl":{"start":{"line":61,"column":27},"end":{"line":61,"column":34}},"loc":{"start":{"line":61,"column":40},"end":{"line":79,"column":null}},"line":61},"4":{"name":"(anonymous_4)","decl":{"start":{"line":94,"column":24},"end":{"line":94,"column":39}},"loc":{"start":{"line":94,"column":39},"end":{"line":94,"column":null}},"line":94},"5":{"name":"(anonymous_5)","decl":{"start":{"line":100,"column":24},"end":{"line":100,"column":39}},"loc":{"start":{"line":100,"column":39},"end":{"line":100,"column":null}},"line":100},"6":{"name":"(anonymous_6)","decl":{"start":{"line":116,"column":28},"end":{"line":116,"column":39}},"loc":{"start":{"line":116,"column":45},"end":{"line":116,"column":69}},"line":116},"7":{"name":"(anonymous_7)","decl":{"start":{"line":126,"column":28},"end":{"line":126,"column":39}},"loc":{"start":{"line":126,"column":45},"end":{"line":126,"column":72}},"line":126},"8":{"name":"(anonymous_8)","decl":{"start":{"line":150,"column":28},"end":{"line":150,"column":39}},"loc":{"start":{"line":150,"column":45},"end":{"line":150,"column":67}},"line":150},"9":{"name":"(anonymous_9)","decl":{"start":{"line":160,"column":28},"end":{"line":160,"column":39}},"loc":{"start":{"line":160,"column":45},"end":{"line":160,"column":72}},"line":160},"10":{"name":"(anonymous_10)","decl":{"start":{"line":170,"column":28},"end":{"line":170,"column":39}},"loc":{"start":{"line":170,"column":45},"end":{"line":170,"column":75}},"line":170},"11":{"name":"(anonymous_11)","decl":{"start":{"line":179,"column":28},"end":{"line":179,"column":39}},"loc":{"start":{"line":179,"column":45},"end":{"line":179,"column":68}},"line":179}},"branchMap":{"0":{"loc":{"start":{"line":14,"column":36},"end":{"line":14,"column":52}},"type":"default-arg","locations":[{"start":{"line":14,"column":43},"end":{"line":14,"column":52}}],"line":14},"1":{"loc":{"start":{"line":35,"column":8},"end":{"line":36,"column":null}},"type":"if","locations":[{"start":{"line":35,"column":8},"end":{"line":36,"column":null}},{"start":{},"end":{}}],"line":35},"2":{"loc":{"start":{"line":49,"column":12},"end":{"line":52,"column":null}},"type":"if","locations":[{"start":{"line":49,"column":12},"end":{"line":52,"column":null}},{"start":{"line":51,"column":19},"end":{"line":52,"column":null}}],"line":49},"3":{"loc":{"start":{"line":70,"column":12},"end":{"line":73,"column":null}},"type":"if","locations":[{"start":{"line":70,"column":12},"end":{"line":73,"column":null}},{"start":{"line":72,"column":19},"end":{"line":73,"column":null}}],"line":70},"4":{"loc":{"start":{"line":76,"column":24},"end":{"line":76,"column":null}},"type":"binary-expr","locations":[{"start":{"line":76,"column":24},"end":{"line":76,"column":57}},{"start":{"line":76,"column":57},"end":{"line":76,"column":null}}],"line":76},"5":{"loc":{"start":{"line":93,"column":51},"end":{"line":93,"column":null}},"type":"cond-expr","locations":[{"start":{"line":93,"column":72},"end":{"line":93,"column":95}},{"start":{"line":93,"column":95},"end":{"line":93,"column":null}}],"line":93},"6":{"loc":{"start":{"line":99,"column":51},"end":{"line":99,"column":null}},"type":"cond-expr","locations":[{"start":{"line":99,"column":75},"end":{"line":99,"column":98}},{"start":{"line":99,"column":98},"end":{"line":99,"column":null}}],"line":99},"7":{"loc":{"start":{"line":107,"column":17},"end":{"line":107,"column":null}},"type":"binary-expr","locations":[{"start":{"line":107,"column":17},"end":{"line":107,"column":27}},{"start":{"line":107,"column":27},"end":{"line":107,"column":null}}],"line":107},"8":{"loc":{"start":{"line":110,"column":17},"end":{"line":139,"column":null}},"type":"binary-expr","locations":[{"start":{"line":110,"column":17},"end":{"line":110,"column":null}},{"start":{"line":111,"column":20},"end":{"line":139,"column":null}}],"line":110},"9":{"loc":{"start":{"line":138,"column":29},"end":{"line":138,"column":null}},"type":"cond-expr","locations":[{"start":{"line":138,"column":42},"end":{"line":138,"column":59}},{"start":{"line":138,"column":59},"end":{"line":138,"column":null}}],"line":138},"10":{"loc":{"start":{"line":144,"column":17},"end":{"line":193,"column":null}},"type":"binary-expr","locations":[{"start":{"line":144,"column":17},"end":{"line":144,"column":null}},{"start":{"line":145,"column":20},"end":{"line":193,"column":null}}],"line":144},"11":{"loc":{"start":{"line":192,"column":29},"end":{"line":192,"column":null}},"type":"cond-expr","locations":[{"start":{"line":192,"column":42},"end":{"line":192,"column":58}},{"start":{"line":192,"column":58},"end":{"line":192,"column":null}}],"line":192}},"s":{"0":0,"1":0,"2":0,"3":0,"4":0,"5":0,"6":0,"7":0,"8":0,"9":0,"10":0,"11":0,"12":0,"13":0,"14":0,"15":0,"16":0,"17":0,"18":0,"19":0,"20":0,"21":0,"22":0,"23":0,"24":0,"25":0,"26":0,"27":0,"28":0,"29":0,"30":0,"31":0,"32":0,"33":0,"34":0,"35":0,"36":0,"37":0,"38":0,"39":0,"40":0,"41":0,"42":0,"43":0,"44":0,"45":0,"46":0,"47":0,"48":0,"49":0},"f":{"0":0,"1":0,"2":0,"3":0,"4":0,"5":0,"6":0,"7":0,"8":0,"9":0,"10":0,"11":0},"b":{"0":[0],"1":[0,0],"2":[0,0],"3":[0,0],"4":[0,0],"5":[0,0],"6":[0,0],"7":[0,0],"8":[0,0],"9":[0,0],"10":[0,0],"11":[0,0]},"meta":{"lastBranch":12,"lastFunction":12,"lastStatement":50,"seen":{"f:14:24:14:34":0,"b:14:43:14:52":0,"s:15:19:15:41":0,"s:16:10:16:34":1,"s:18:19:18:46":2,"s:21:21:21:48":3,"s:22:21:22:48":4,"s:25:25:25:56":5,"s:26:25:26:56":6,"s:27:25:27:56":7,"s:28:25:28:65":8,"s:30:24:30:54":9,"s:31:24:31:57":10,"s:34:10:36:Infinity":11,"f:34:10:34:32":1,"b:35:8:36:Infinity:undefined:undefined:undefined:undefined":1,"s:35:8:36:Infinity":12,"s:36:12:36:Infinity":13,"s:40:24:57:Infinity":14,"f:40:24:40:31":2,"s:41:8:41:Infinity":15,"s:42:8:42:Infinity":16,"s:43:8:43:Infinity":17,"s:45:8:57:Infinity":18,"s:46:25:46:53":19,"s:47:12:47:Infinity":20,"b:49:12:52:Infinity:51:19:52:Infinity":2,"s:49:12:52:Infinity":21,"s:50:16:50:Infinity":22,"s:52:16:52:Infinity":23,"s:55:12:55:Infinity":24,"s:57:12:57:Infinity":25,"s:61:27:79:Infinity":26,"f:61:27:61:34":3,"s:62:8:62:Infinity":27,"s:63:8:63:Infinity":28,"s:64:8:64:Infinity":29,"s:66:8:79:Infinity":30,"s:67:25:67:73":31,"s:68:12:68:Infinity":32,"b:70:12:73:Infinity:72:19:73:Infinity":3,"s:70:12:73:Infinity":33,"s:71:16:71:Infinity":34,"s:73:16:73:Infinity":35,"s:76:24:76:Infinity":36,"b:76:24:76:57:76:57:76:Infinity":4,"s:77:12:77:Infinity":37,"s:79:12:79:Infinity":38,"s:83:4:198:Infinity":39,"b:93:72:93:95:93:95:93:Infinity":5,"f:94:24:94:39":4,"s:94:41:94:61":40,"s:94:61:94:Infinity":41,"b:99:75:99:98:99:98:99:Infinity":6,"f:100:24:100:39":5,"s:100:41:100:64":42,"s:100:64:100:Infinity":43,"b:107:17:107:27:107:27:107:Infinity":7,"b:110:17:110:Infinity:111:20:139:Infinity":8,"f:116:28:116:39":6,"s:116:45:116:69":44,"f:126:28:126:39":7,"s:126:45:126:72":45,"b:138:42:138:59:138:59:138:Infinity":9,"b:144:17:144:Infinity:145:20:193:Infinity":10,"f:150:28:150:39":8,"s:150:45:150:67":46,"f:160:28:160:39":9,"s:160:45:160:72":47,"f:170:28:170:39":10,"s:170:45:170:75":48,"f:179:28:179:39":11,"s:179:45:179:68":49,"b:192:42:192:58:192:58:192:Infinity":11}}}
,"C:\\wamp64\\www\\skillhub-final\\skillhub-front\\src\\components\\Navbar.css": {"path":"C:\\wamp64\\www\\skillhub-final\\skillhub-front\\src\\components\\Navbar.css","statementMap":{},"fnMap":{},"branchMap":{},"s":{},"f":{},"b":{},"meta":{"lastBranch":0,"lastFunction":0,"lastStatement":0,"seen":{}}}
,"C:\\wamp64\\www\\skillhub-final\\skillhub-front\\src\\components\\Navbar.jsx": {"path":"C:\\wamp64\\www\\skillhub-final\\skillhub-front\\src\\components\\Navbar.jsx","statementMap":{"0":{"start":{"line":9,"column":33},"end":{"line":9,"column":58}},"1":{"start":{"line":10,"column":10},"end":{"line":10,"column":34}},"2":{"start":{"line":13,"column":30},"end":{"line":13,"column":68}},"3":{"start":{"line":14,"column":30},"end":{"line":14,"column":69}},"4":{"start":{"line":15,"column":30},"end":{"line":15,"column":69}},"5":{"start":{"line":18,"column":22},"end":{"line":18,"column":49}},"6":{"start":{"line":19,"column":10},"end":{"line":19,"column":50}},"7":{"start":{"line":26,"column":4},"end":{"line":53,"column":null}},"8":{"start":{"line":27,"column":8},"end":{"line":29,"column":null}},"9":{"start":{"line":28,"column":12},"end":{"line":28,"column":null}},"10":{"start":{"line":29,"column":12},"end":{"line":29,"column":null}},"11":{"start":{"line":32,"column":28},"end":{"line":42,"column":null}},"12":{"start":{"line":33,"column":12},"end":{"line":42,"column":null}},"13":{"start":{"line":34,"column":30},"end":{"line":34,"column":59}},"14":{"start":{"line":35,"column":30},"end":{"line":37,"column":18}},"15":{"start":{"line":38,"column":16},"end":{"line":40,"column":null}},"16":{"start":{"line":39,"column":33},"end":{"line":39,"column":49}},"17":{"start":{"line":40,"column":20},"end":{"line":40,"column":null}},"18":{"start":{"line":47,"column":8},"end":{"line":47,"column":null}},"19":{"start":{"line":48,"column":8},"end":{"line":48,"column":null}},"20":{"start":{"line":51,"column":8},"end":{"line":51,"column":null}},"21":{"start":{"line":51,"column":21},"end":{"line":51,"column":55}},"22":{"start":{"line":57,"column":25},"end":{"line":61,"column":null}},"23":{"start":{"line":58,"column":8},"end":{"line":58,"column":null}},"24":{"start":{"line":59,"column":8},"end":{"line":59,"column":null}},"25":{"start":{"line":60,"column":8},"end":{"line":60,"column":null}},"26":{"start":{"line":61,"column":8},"end":{"line":61,"column":null}},"27":{"start":{"line":64,"column":10},"end":{"line":64,"column":49}},"28":{"start":{"line":64,"column":29},"end":{"line":64,"column":49}},"29":{"start":{"line":67,"column":10},"end":{"line":73,"column":null}},"30":{"start":{"line":68,"column":8},"end":{"line":68,"column":null}},"31":{"start":{"line":69,"column":8},"end":{"line":73,"column":null}},"32":{"start":{"line":77,"column":10},"end":{"line":80,"column":null}},"33":{"start":{"line":78,"column":8},"end":{"line":78,"column":null}},"34":{"start":{"line":79,"column":8},"end":{"line":79,"column":null}},"35":{"start":{"line":80,"column":8},"end":{"line":80,"column":null}},"36":{"start":{"line":84,"column":4},"end":{"line":196,"column":null}},"37":{"start":{"line":161,"column":49},"end":{"line":161,"column":72}},"38":{"start":{"line":161,"column":72},"end":{"line":161,"column":null}},"39":{"start":{"line":171,"column":39},"end":{"line":171,"column":65}},"40":{"start":{"line":186,"column":36},"end":{"line":186,"column":null}},"41":{"start":{"line":193,"column":36},"end":{"line":193,"column":63}}},"fnMap":{"0":{"name":"Navbar","decl":{"start":{"line":8,"column":24},"end":{"line":8,"column":33}},"loc":{"start":{"line":8,"column":33},"end":{"line":196,"column":null}},"line":8},"1":{"name":"(anonymous_1)","decl":{"start":{"line":26,"column":4},"end":{"line":26,"column":20}},"loc":{"start":{"line":26,"column":20},"end":{"line":53,"column":8}},"line":26},"2":{"name":"(anonymous_2)","decl":{"start":{"line":32,"column":28},"end":{"line":32,"column":40}},"loc":{"start":{"line":32,"column":40},"end":{"line":42,"column":null}},"line":32},"3":{"name":"(anonymous_3)","decl":{"start":{"line":51,"column":8},"end":{"line":51,"column":21}},"loc":{"start":{"line":51,"column":21},"end":{"line":51,"column":55}},"line":51},"4":{"name":"(anonymous_4)","decl":{"start":{"line":57,"column":25},"end":{"line":57,"column":37}},"loc":{"start":{"line":57,"column":37},"end":{"line":61,"column":null}},"line":57},"5":{"name":"(anonymous_5)","decl":{"start":{"line":64,"column":10},"end":{"line":64,"column":29}},"loc":{"start":{"line":64,"column":29},"end":{"line":64,"column":49}},"line":64},"6":{"name":"(anonymous_6)","decl":{"start":{"line":67,"column":10},"end":{"line":67,"column":35}},"loc":{"start":{"line":67,"column":35},"end":{"line":73,"column":null}},"line":67},"7":{"name":"(anonymous_7)","decl":{"start":{"line":77,"column":10},"end":{"line":77,"column":35}},"loc":{"start":{"line":77,"column":35},"end":{"line":80,"column":null}},"line":77},"8":{"name":"(anonymous_8)","decl":{"start":{"line":161,"column":32},"end":{"line":161,"column":47}},"loc":{"start":{"line":161,"column":47},"end":{"line":161,"column":null}},"line":161},"9":{"name":"(anonymous_9)","decl":{"start":{"line":171,"column":24},"end":{"line":171,"column":39}},"loc":{"start":{"line":171,"column":39},"end":{"line":171,"column":65}},"line":171},"10":{"name":"(anonymous_10)","decl":{"start":{"line":186,"column":20},"end":{"line":186,"column":36}},"loc":{"start":{"line":186,"column":36},"end":{"line":186,"column":null}},"line":186},"11":{"name":"(anonymous_11)","decl":{"start":{"line":193,"column":20},"end":{"line":193,"column":36}},"loc":{"start":{"line":193,"column":36},"end":{"line":193,"column":63}},"line":193}},"branchMap":{"0":{"loc":{"start":{"line":27,"column":8},"end":{"line":29,"column":null}},"type":"if","locations":[{"start":{"line":27,"column":8},"end":{"line":29,"column":null}},{"start":{},"end":{}}],"line":27},"1":{"loc":{"start":{"line":38,"column":16},"end":{"line":40,"column":null}},"type":"if","locations":[{"start":{"line":38,"column":16},"end":{"line":40,"column":null}},{"start":{},"end":{}}],"line":38},"2":{"loc":{"start":{"line":40,"column":30},"end":{"line":40,"column":48}},"type":"binary-expr","locations":[{"start":{"line":40,"column":30},"end":{"line":40,"column":46}},{"start":{"line":40,"column":46},"end":{"line":40,"column":48}}],"line":40},"3":{"loc":{"start":{"line":70,"column":12},"end":{"line":72,"column":null}},"type":"cond-expr","locations":[{"start":{"line":71,"column":18},"end":{"line":71,"column":null}},{"start":{"line":72,"column":18},"end":{"line":72,"column":null}}],"line":70},"4":{"loc":{"start":{"line":95,"column":52},"end":{"line":95,"column":null}},"type":"cond-expr","locations":[{"start":{"line":95,"column":65},"end":{"line":95,"column":89}},{"start":{"line":95,"column":89},"end":{"line":95,"column":null}}],"line":95},"5":{"loc":{"start":{"line":104,"column":25},"end":{"line":164,"column":null}},"type":"cond-expr","locations":[{"start":{"line":105,"column":28},"end":{"line":156,"column":null}},{"start":{"line":159,"column":28},"end":{"line":164,"column":null}}],"line":104},"6":{"loc":{"start":{"line":126,"column":37},"end":{"line":129,"column":null}},"type":"binary-expr","locations":[{"start":{"line":126,"column":37},"end":{"line":126,"column":null}},{"start":{"line":127,"column":40},"end":{"line":129,"column":null}}],"line":126},"7":{"loc":{"start":{"line":128,"column":45},"end":{"line":128,"column":null}},"type":"cond-expr","locations":[{"start":{"line":128,"column":59},"end":{"line":128,"column":67}},{"start":{"line":128,"column":67},"end":{"line":128,"column":null}}],"line":128},"8":{"loc":{"start":{"line":135,"column":37},"end":{"line":146,"column":50}},"type":"cond-expr","locations":[{"start":{"line":136,"column":40},"end":{"line":142,"column":41}},{"start":{"line":142,"column":40},"end":{"line":146,"column":50}}],"line":135},"9":{"loc":{"start":{"line":170,"column":52},"end":{"line":170,"column":null}},"type":"cond-expr","locations":[{"start":{"line":170,"column":65},"end":{"line":170,"column":90}},{"start":{"line":170,"column":90},"end":{"line":170,"column":null}}],"line":170},"10":{"loc":{"start":{"line":183,"column":13},"end":{"line":187,"column":null}},"type":"binary-expr","locations":[{"start":{"line":183,"column":13},"end":{"line":183,"column":null}},{"start":{"line":184,"column":16},"end":{"line":187,"column":null}}],"line":183},"11":{"loc":{"start":{"line":191,"column":13},"end":{"line":194,"column":null}},"type":"binary-expr","locations":[{"start":{"line":191,"column":13},"end":{"line":191,"column":null}},{"start":{"line":192,"column":16},"end":{"line":194,"column":null}}],"line":191}},"s":{"0":1,"1":1,"2":1,"3":1,"4":1,"5":1,"6":1,"7":1,"8":1,"9":1,"10":1,"11":0,"12":0,"13":0,"14":0,"15":0,"16":0,"17":0,"18":0,"19":0,"20":0,"21":0,"22":1,"23":0,"24":0,"25":0,"26":0,"27":1,"28":0,"29":1,"30":0,"31":0,"32":1,"33":0,"34":0,"35":0,"36":1,"37":0,"38":0,"39":0,"40":0,"41":0},"f":{"0":1,"1":1,"2":0,"3":0,"4":0,"5":0,"6":0,"7":0,"8":0,"9":0,"10":0,"11":0},"b":{"0":[1,0],"1":[0,0],"2":[0,0],"3":[0,0],"4":[0,1],"5":[0,1],"6":[0,0],"7":[0,0],"8":[0,0],"9":[0,1],"10":[1,0],"11":[1,0]},"meta":{"lastBranch":12,"lastFunction":12,"lastStatement":42,"seen":{"f:8:24:8:33":0,"s:9:33:9:58":0,"s:10:10:10:34":1,"s:13:30:13:68":2,"s:14:30:14:69":3,"s:15:30:15:69":4,"s:18:22:18:49":5,"s:19:10:19:50":6,"s:26:4:53:Infinity":7,"f:26:4:26:20":1,"b:27:8:29:Infinity:undefined:undefined:undefined:undefined":0,"s:27:8:29:Infinity":8,"s:28:12:28:Infinity":9,"s:29:12:29:Infinity":10,"s:32:28:42:Infinity":11,"f:32:28:32:40":2,"s:33:12:42:Infinity":12,"s:34:30:34:59":13,"s:35:30:37:18":14,"b:38:16:40:Infinity:undefined:undefined:undefined:undefined":1,"s:38:16:40:Infinity":15,"s:39:33:39:49":16,"s:40:20:40:Infinity":17,"b:40:30:40:46:40:46:40:48":2,"s:47:8:47:Infinity":18,"s:48:8:48:Infinity":19,"s:51:8:51:Infinity":20,"f:51:8:51:21":3,"s:51:21:51:55":21,"s:57:25:61:Infinity":22,"f:57:25:57:37":4,"s:58:8:58:Infinity":23,"s:59:8:59:Infinity":24,"s:60:8:60:Infinity":25,"s:61:8:61:Infinity":26,"s:64:10:64:49":27,"f:64:10:64:29":5,"s:64:29:64:49":28,"s:67:10:73:Infinity":29,"f:67:10:67:35":6,"s:68:8:68:Infinity":30,"s:69:8:73:Infinity":31,"b:71:18:71:Infinity:72:18:72:Infinity":3,"s:77:10:80:Infinity":32,"f:77:10:77:35":7,"s:78:8:78:Infinity":33,"s:79:8:79:Infinity":34,"s:80:8:80:Infinity":35,"s:84:4:196:Infinity":36,"b:95:65:95:89:95:89:95:Infinity":4,"b:105:28:156:Infinity:159:28:164:Infinity":5,"b:126:37:126:Infinity:127:40:129:Infinity":6,"b:128:59:128:67:128:67:128:Infinity":7,"b:136:40:142:41:142:40:146:50":8,"f:161:32:161:47":8,"s:161:49:161:72":37,"s:161:72:161:Infinity":38,"b:170:65:170:90:170:90:170:Infinity":9,"f:171:24:171:39":9,"s:171:39:171:65":39,"b:183:13:183:Infinity:184:16:187:Infinity":10,"f:186:20:186:36":10,"s:186:36:186:Infinity":40,"b:191:13:191:Infinity:192:16:194:Infinity":11,"f:193:20:193:36":11,"s:193:36:193:63":41}}}
,"C:\\wamp64\\www\\skillhub-final\\skillhub-front\\src\\pages\\AccueilPage.css": {"path":"C:\\wamp64\\www\\skillhub-final\\skillhub-front\\src\\pages\\AccueilPage.css","statementMap":{},"fnMap":{},"branchMap":{},"s":{},"f":{},"b":{},"meta":{"lastBranch":0,"lastFunction":0,"lastStatement":0,"seen":{}}}
,"C:\\wamp64\\www\\skillhub-final\\skillhub-front\\src\\pages\\AccueilPage.jsx": {"path":"C:\\wamp64\\www\\skillhub-final\\skillhub-front\\src\\pages\\AccueilPage.jsx","statementMap":{"0":{"start":{"line":11,"column":12},"end":{"line":11,"column":37}},"1":{"start":{"line":12,"column":10},"end":{"line":12,"column":34}},"2":{"start":{"line":14,"column":24},"end":{"line":14,"column":54}},"3":{"start":{"line":15,"column":24},"end":{"line":15,"column":56}},"4":{"start":{"line":16,"column":24},"end":{"line":16,"column":56}},"5":{"start":{"line":18,"column":4},"end":{"line":30,"column":null}},"6":{"start":{"line":19,"column":24},"end":{"line":26,"column":null}},"7":{"start":{"line":20,"column":12},"end":{"line":26,"column":null}},"8":{"start":{"line":21,"column":29},"end":{"line":21,"column":67}},"9":{"start":{"line":22,"column":16},"end":{"line":22,"column":null}},"10":{"start":{"line":24,"column":16},"end":{"line":24,"column":null}},"11":{"start":{"line":26,"column":16},"end":{"line":26,"column":null}},"12":{"start":{"line":29,"column":8},"end":{"line":29,"column":null}},"13":{"start":{"line":32,"column":24},"end":{"line":51,"column":null}},"14":{"start":{"line":54,"column":20},"end":{"line":65,"column":null}},"15":{"start":{"line":66,"column":10},"end":{"line":68,"column":null}},"16":{"start":{"line":67,"column":23},"end":{"line":67,"column":null}},"17":{"start":{"line":68,"column":8},"end":{"line":68,"column":null}},"18":{"start":{"line":71,"column":4},"end":{"line":267,"column":null}},"19":{"start":{"line":90,"column":47},"end":{"line":90,"column":71}},"20":{"start":{"line":96,"column":47},"end":{"line":96,"column":70}},"21":{"start":{"line":123,"column":12},"end":{"line":135,"column":null}},"22":{"start":{"line":165,"column":24},"end":{"line":172,"column":null}},"23":{"start":{"line":187,"column":28},"end":{"line":201,"column":null}},"24":{"start":{"line":197,"column":51},"end":{"line":197,"column":89}},"25":{"start":{"line":208,"column":39},"end":{"line":208,"column":62}},"26":{"start":{"line":228,"column":8},"end":{"line":235,"column":null}},"27":{"start":{"line":246,"column":24},"end":{"line":256,"column":null}},"28":{"start":{"line":266,"column":36},"end":{"line":266,"column":null}}},"fnMap":{"0":{"name":"AccueilPage","decl":{"start":{"line":10,"column":24},"end":{"line":10,"column":38}},"loc":{"start":{"line":10,"column":38},"end":{"line":267,"column":null}},"line":10},"1":{"name":"(anonymous_1)","decl":{"start":{"line":18,"column":4},"end":{"line":18,"column":20}},"loc":{"start":{"line":18,"column":20},"end":{"line":30,"column":9}},"line":18},"2":{"name":"(anonymous_2)","decl":{"start":{"line":19,"column":24},"end":{"line":19,"column":36}},"loc":{"start":{"line":19,"column":36},"end":{"line":26,"column":null}},"line":19},"3":{"name":"(anonymous_3)","decl":{"start":{"line":66,"column":10},"end":{"line":66,"column":28}},"loc":{"start":{"line":66,"column":39},"end":{"line":68,"column":null}},"line":66},"4":{"name":"(anonymous_4)","decl":{"start":{"line":90,"column":32},"end":{"line":90,"column":47}},"loc":{"start":{"line":90,"column":47},"end":{"line":90,"column":71}},"line":90},"5":{"name":"(anonymous_5)","decl":{"start":{"line":96,"column":32},"end":{"line":96,"column":47}},"loc":{"start":{"line":96,"column":47},"end":{"line":96,"column":70}},"line":96},"6":{"name":"(anonymous_6)","decl":{"start":{"line":122,"column":10},"end":{"line":122,"column":15}},"loc":{"start":{"line":123,"column":12},"end":{"line":135,"column":null}},"line":123},"7":{"name":"(anonymous_7)","decl":{"start":{"line":164,"column":22},"end":{"line":164,"column":27}},"loc":{"start":{"line":165,"column":24},"end":{"line":172,"column":null}},"line":165},"8":{"name":"(anonymous_8)","decl":{"start":{"line":186,"column":36},"end":{"line":186,"column":41}},"loc":{"start":{"line":187,"column":28},"end":{"line":201,"column":null}},"line":187},"9":{"name":"(anonymous_9)","decl":{"start":{"line":197,"column":36},"end":{"line":197,"column":51}},"loc":{"start":{"line":197,"column":51},"end":{"line":197,"column":89}},"line":197},"10":{"name":"(anonymous_10)","decl":{"start":{"line":208,"column":24},"end":{"line":208,"column":39}},"loc":{"start":{"line":208,"column":39},"end":{"line":208,"column":62}},"line":208},"11":{"name":"(anonymous_11)","decl":{"start":{"line":227,"column":40},"end":{"line":227,"column":45}},"loc":{"start":{"line":228,"column":8},"end":{"line":235,"column":null}},"line":228},"12":{"name":"(anonymous_12)","decl":{"start":{"line":245,"column":33},"end":{"line":245,"column":38}},"loc":{"start":{"line":246,"column":24},"end":{"line":256,"column":null}},"line":246},"13":{"name":"(anonymous_13)","decl":{"start":{"line":266,"column":20},"end":{"line":266,"column":36}},"loc":{"start":{"line":266,"column":36},"end":{"line":266,"column":null}},"line":266}},"branchMap":{"0":{"loc":{"start":{"line":68,"column":15},"end":{"line":68,"column":null}},"type":"binary-expr","locations":[{"start":{"line":68,"column":15},"end":{"line":68,"column":33}},{"start":{"line":68,"column":33},"end":{"line":68,"column":null}}],"line":68},"1":{"loc":{"start":{"line":86,"column":21},"end":{"line":99,"column":null}},"type":"binary-expr","locations":[{"start":{"line":86,"column":21},"end":{"line":86,"column":35}},{"start":{"line":87,"column":24},"end":{"line":99,"column":null}}],"line":86},"2":{"loc":{"start":{"line":180,"column":17},"end":{"line":203,"column":null}},"type":"cond-expr","locations":[{"start":{"line":181,"column":20},"end":{"line":182,"column":31}},{"start":{"line":182,"column":20},"end":{"line":203,"column":null}}],"line":180},"3":{"loc":{"start":{"line":182,"column":20},"end":{"line":203,"column":null}},"type":"cond-expr","locations":[{"start":{"line":183,"column":20},"end":{"line":185,"column":21}},{"start":{"line":185,"column":20},"end":{"line":203,"column":null}}],"line":182},"4":{"loc":{"start":{"line":263,"column":13},"end":{"line":267,"column":null}},"type":"binary-expr","locations":[{"start":{"line":263,"column":13},"end":{"line":263,"column":null}},{"start":{"line":264,"column":16},"end":{"line":267,"column":null}}],"line":263}},"s":{"0":1,"1":1,"2":1,"3":1,"4":1,"5":1,"6":1,"7":1,"8":1,"9":1,"10":0,"11":1,"12":1,"13":1,"14":1,"15":1,"16":0,"17":0,"18":1,"19":0,"20":0,"21":4,"22":3,"23":0,"24":0,"25":0,"26":20,"27":3,"28":0},"f":{"0":1,"1":1,"2":1,"3":0,"4":0,"5":0,"6":4,"7":3,"8":0,"9":0,"10":0,"11":20,"12":3,"13":0},"b":{"0":[0,0],"1":[1,1],"2":[1,0],"3":[0,0],"4":[1,0]},"meta":{"lastBranch":5,"lastFunction":14,"lastStatement":29,"seen":{"f:10:24:10:38":0,"s:11:12:11:37":0,"s:12:10:12:34":1,"s:14:24:14:54":2,"s:15:24:15:56":3,"s:16:24:16:56":4,"s:18:4:30:Infinity":5,"f:18:4:18:20":1,"s:19:24:26:Infinity":6,"f:19:24:19:36":2,"s:20:12:26:Infinity":7,"s:21:29:21:67":8,"s:22:16:22:Infinity":9,"s:24:16:24:Infinity":10,"s:26:16:26:Infinity":11,"s:29:8:29:Infinity":12,"s:32:24:51:Infinity":13,"s:54:20:65:Infinity":14,"s:66:10:68:Infinity":15,"f:66:10:66:28":3,"s:67:23:67:Infinity":16,"s:68:8:68:Infinity":17,"b:68:15:68:33:68:33:68:Infinity":0,"s:71:4:267:Infinity":18,"b:86:21:86:35:87:24:99:Infinity":1,"f:90:32:90:47":4,"s:90:47:90:71":19,"f:96:32:96:47":5,"s:96:47:96:70":20,"f:122:10:122:15":6,"s:123:12:135:Infinity":21,"f:164:22:164:27":7,"s:165:24:172:Infinity":22,"b:181:20:182:31:182:20:203:Infinity":2,"b:183:20:185:21:185:20:203:Infinity":3,"f:186:36:186:41":8,"s:187:28:201:Infinity":23,"f:197:36:197:51":9,"s:197:51:197:89":24,"f:208:24:208:39":10,"s:208:39:208:62":25,"f:227:40:227:45":11,"s:228:8:235:Infinity":26,"f:245:33:245:38":12,"s:246:24:256:Infinity":27,"b:263:13:263:Infinity:264:16:267:Infinity":4,"f:266:20:266:36":13,"s:266:36:266:Infinity":28}}}
}
